<?xml version="1.0" encoding="UTF-8"?>
<!-- Generated by org.testng.reporters.JUnitReportReporter -->
<testsuite hostname="sultan" name="com.softserve.test.pt.tests.PetitionSearchTest" tests="1" failures="0" timestamp="10 Feb 2016 13:24:07 GMT" time="8.207" errors="0">
  <testcase name="test1" time="8.207" classname="com.softserve.test.pt.tests.PetitionSearchTest"/>
</testsuite> <!-- com.softserve.test.pt.tests.PetitionSearchTest -->
